# JRE version: Java(TM) SE Runtime Environment (8.0_211-b12) (build 1.8.0_211-b12)
# Java VM: Java HotSpot(TM) 64-Bit Server VM (25.211-b12 mixed mode windows-amd64 compressed oops)
Heap:
 PSYoungGen      total 116736K, used 39111K [0x00000000f5580000, 0x0000000100000000, 0x0000000100000000)
  eden space 58880K, 54% used [0x00000000f5580000,0x00000000f751b8f8,0x00000000f8f00000)
  from space 57856K, 11% used [0x00000000f8f00000,0x00000000f9596618,0x00000000fc780000)
  to   space 57856K, 0% used [0x00000000fc780000,0x00000000fc780000,0x0000000100000000)
 ParOldGen       total 330752K, used 128929K [0x00000000e0000000, 0x00000000f4300000, 0x00000000f5580000)
  object space 330752K, 38% used [0x00000000e0000000,0x00000000e7de8710,0x00000000f4300000)
 Metaspace       used 102210K, capacity 109066K, committed 109312K, reserved 1144832K
  class space    used 13352K, capacity 14735K, committed 14848K, reserved 1048576K
GC Heap History (10 events):
Event: 11921.117 GC heap before
{Heap before GC invocations=37 (full 4):
 PSYoungGen      total 109056K, used 107171K [0x00000000f5580000, 0x0000000100000000, 0x0000000100000000)
  eden space 59904K, 100% used [0x00000000f5580000,0x00000000f9000000,0x00000000f9000000)
  from space 49152K, 96% used [0x00000000fd000000,0x00000000ffe28c48,0x0000000100000000)
  to   space 57344K, 0% used [0x00000000f9000000,0x00000000f9000000,0x00000000fc800000)
 ParOldGen       total 330752K, used 88035K [0x00000000e0000000, 0x00000000f4300000, 0x00000000f5580000)
  object space 330752K, 26% used [0x00000000e0000000,0x00000000e55f8cd0,0x00000000f4300000)
 Metaspace       used 101746K, capacity 108582K, committed 108672K, reserved 1142784K
  class space    used 13302K, capacity 14669K, committed 14720K, reserved 1048576K
Event: 11921.171 GC heap after
Heap after GC invocations=37 (full 4):
 PSYoungGen      total 101888K, used 41876K [0x00000000f5580000, 0x0000000100000000, 0x0000000100000000)
  eden space 59904K, 0% used [0x00000000f5580000,0x00000000f5580000,0x00000000f9000000)
  from space 41984K, 99% used [0x00000000f9000000,0x00000000fb8e52b8,0x00000000fb900000)
  to   space 57856K, 0% used [0x00000000fc780000,0x00000000fc780000,0x0000000100000000)
 ParOldGen       total 330752K, used 95132K [0x00000000e0000000, 0x00000000f4300000, 0x00000000f5580000)
  object space 330752K, 28% used [0x00000000e0000000,0x00000000e5ce73b8,0x00000000f4300000)
 Metaspace       used 101746K, capacity 108582K, committed 108672K, reserved 1142784K
  class space    used 13302K, capacity 14669K, committed 14720K, reserved 1048576K
}
Event: 11922.357 GC heap before
{Heap before GC invocations=38 (full 4):
 PSYoungGen      total 101888K, used 101780K [0x00000000f5580000, 0x0000000100000000, 0x0000000100000000)
  eden space 59904K, 100% used [0x00000000f5580000,0x00000000f9000000,0x00000000f9000000)
  from space 41984K, 99% used [0x00000000f9000000,0x00000000fb8e52b8,0x00000000fb900000)
  to   space 57856K, 0% used [0x00000000fc780000,0x00000000fc780000,0x0000000100000000)
 ParOldGen       total 330752K, used 95132K [0x00000000e0000000, 0x00000000f4300000, 0x00000000f5580000)
  object space 330752K, 28% used [0x00000000e0000000,0x00000000e5ce73b8,0x00000000f4300000)
 Metaspace       used 101834K, capacity 108688K, committed 108928K, reserved 1142784K
  class space    used 13312K, capacity 14686K, committed 14720K, reserved 1048576K
Event: 11922.410 GC heap after
Heap after GC invocations=38 (full 4):
 PSYoungGen      total 116736K, used 35442K [0x00000000f5580000, 0x0000000100000000, 0x0000000100000000)
  eden space 58880K, 0% used [0x00000000f5580000,0x00000000f5580000,0x00000000f8f00000)
  from space 57856K, 61% used [0x00000000fc780000,0x00000000fea1ca78,0x0000000100000000)
  to   space 57856K, 0% used [0x00000000f8f00000,0x00000000f8f00000,0x00000000fc780000)
 ParOldGen       total 330752K, used 99733K [0x00000000e0000000, 0x00000000f4300000, 0x00000000f5580000)
  object space 330752K, 30% used [0x00000000e0000000,0x00000000e6165520,0x00000000f4300000)
 Metaspace       used 101834K, capacity 108688K, committed 108928K, reserved 1142784K
  class space    used 13312K, capacity 14686K, committed 14720K, reserved 1048576K
}
Event: 11923.729 GC heap before
{Heap before GC invocations=39 (full 4):
 PSYoungGen      total 116736K, used 94311K [0x00000000f5580000, 0x0000000100000000, 0x0000000100000000)
  eden space 58880K, 99% used [0x00000000f5580000,0x00000000f8efd400,0x00000000f8f00000)
  from space 57856K, 61% used [0x00000000fc780000,0x00000000fea1ca78,0x0000000100000000)
  to   space 57856K, 0% used [0x00000000f8f00000,0x00000000f8f00000,0x00000000fc780000)
 ParOldGen       total 330752K, used 99733K [0x00000000e0000000, 0x00000000f4300000, 0x00000000f5580000)
  object space 330752K, 30% used [0x00000000e0000000,0x00000000e6165520,0x00000000f4300000)
 Metaspace       used 101918K, capacity 108806K, committed 108928K, reserved 1142784K
  class space    used 13317K, capacity 14695K, committed 14720K, reserved 1048576K
Event: 11923.772 GC heap after
Heap after GC invocations=39 (full 4):
 PSYoungGen      total 116736K, used 23394K [0x00000000f5580000, 0x0000000100000000, 0x0000000100000000)
  eden space 58880K, 0% used [0x00000000f5580000,0x00000000f5580000,0x00000000f8f00000)
  from space 57856K, 40% used [0x00000000f8f00000,0x00000000fa5d8ad8,0x00000000fc780000)
  to   space 57856K, 0% used [0x00000000fc780000,0x00000000fc780000,0x0000000100000000)
 ParOldGen       total 330752K, used 114100K [0x00000000e0000000, 0x00000000f4300000, 0x00000000f5580000)
  object space 330752K, 34% used [0x00000000e0000000,0x00000000e6f6d1a0,0x00000000f4300000)
 Metaspace       used 101918K, capacity 108806K, committed 108928K, reserved 1142784K
  class space    used 13317K, capacity 14695K, committed 14720K, reserved 1048576K
}
Event: 11924.382 GC heap before
{Heap before GC invocations=40 (full 4):
 PSYoungGen      total 116736K, used 82274K [0x00000000f5580000, 0x0000000100000000, 0x0000000100000000)
  eden space 58880K, 100% used [0x00000000f5580000,0x00000000f8f00000,0x00000000f8f00000)
  from space 57856K, 40% used [0x00000000f8f00000,0x00000000fa5d8ad8,0x00000000fc780000)
  to   space 57856K, 0% used [0x00000000fc780000,0x00000000fc780000,0x0000000100000000)
 ParOldGen       total 330752K, used 114100K [0x00000000e0000000, 0x00000000f4300000, 0x00000000f5580000)
  object space 330752K, 34% used [0x00000000e0000000,0x00000000e6f6d1a0,0x00000000f4300000)
 Metaspace       used 102083K, capacity 108996K, committed 109312K, reserved 1144832K
  class space    used 13344K, capacity 14734K, committed 14848K, reserved 1048576K
Event: 11924.404 GC heap after
Heap after GC invocations=40 (full 4):
 PSYoungGen      total 116736K, used 2032K [0x00000000f5580000, 0x0000000100000000, 0x0000000100000000)
  eden space 58880K, 0% used [0x00000000f5580000,0x00000000f5580000,0x00000000f8f00000)
  from space 57856K, 3% used [0x00000000fc780000,0x00000000fc97c050,0x0000000100000000)
  to   space 57856K, 0% used [0x00000000f8f00000,0x00000000f8f00000,0x00000000fc780000)
 ParOldGen       total 330752K, used 128275K [0x00000000e0000000, 0x00000000f4300000, 0x00000000f5580000)
  object space 330752K, 38% used [0x00000000e0000000,0x00000000e7d44d68,0x00000000f4300000)
 Metaspace       used 102083K, capacity 108996K, committed 109312K, reserved 1144832K
  class space    used 13344K, capacity 14734K, committed 14848K, reserved 1048576K
}
Event: 11925.694 GC heap before
{Heap before GC invocations=41 (full 4):
 PSYoungGen      total 116736K, used 60898K [0x00000000f5580000, 0x0000000100000000, 0x0000000100000000)
  eden space 58880K, 99% used [0x00000000f5580000,0x00000000f8efca78,0x00000000f8f00000)
  from space 57856K, 3% used [0x00000000fc780000,0x00000000fc97c050,0x0000000100000000)
  to   space 57856K, 0% used [0x00000000f8f00000,0x00000000f8f00000,0x00000000fc780000)
 ParOldGen       total 330752K, used 128275K [0x00000000e0000000, 0x00000000f4300000, 0x00000000f5580000)
  object space 330752K, 38% used [0x00000000e0000000,0x00000000e7d44d68,0x00000000f4300000)
 Metaspace       used 102115K, capacity 109060K, committed 109312K, reserved 1144832K
  class space    used 13344K, capacity 14734K, committed 14848K, reserved 1048576K
Event: 11925.712 GC heap after
Heap after GC invocations=41 (full 4):
 PSYoungGen      total 116736K, used 6745K [0x00000000f5580000, 0x0000000100000000, 0x0000000100000000)
  eden space 58880K, 0% used [0x00000000f5580000,0x00000000f5580000,0x00000000f8f00000)
  from space 57856K, 11% used [0x00000000f8f00000,0x00000000f9596618,0x00000000fc780000)
  to   space 57856K, 0% used [0x00000000fc780000,0x00000000fc780000,0x0000000100000000)
 ParOldGen       total 330752K, used 128929K [0x00000000e0000000, 0x00000000f4300000, 0x00000000f5580000)
  object space 330752K, 38% used [0x00000000e0000000,0x00000000e7de8710,0x00000000f4300000)
 Metaspace       used 102115K, capacity 109060K, committed 109312K, reserved 1144832K
  class space    used 13344K, capacity 14734K, committed 14848K, reserved 1048576K
}

